<?xml version="1.0" encoding="UTF-8"?>
<!-- Generated by org.testng.reporters.JUnitReportReporter -->
<testsuite hostname="DESKTOP-VEA2DQJ" name="com.onforce.interview.assignment.test.GetAPITest" tests="1" failures="0" timestamp="8 Sep 2018 18:43:07 GMT" time="0.885" errors="0">
  <testcase name="getTest" time="0.885" classname="com.onforce.interview.assignment.test.GetAPITest"/>
</testsuite> <!-- com.onforce.interview.assignment.test.GetAPITest -->
