<?xml version="1.0" encoding="UTF-8"?>
<!-- Generated by org.testng.reporters.JUnitReportReporter -->
<testsuite hostname="DESKTOP-VEA2DQJ" name="com.onforce.interview.assignment.test.PostAPITest" tests="2" failures="0" timestamp="9 Sep 2018 16:46:29 GMT" time="3.579" errors="0">
  <testcase name="invalidURL" time="0.980" classname="com.onforce.interview.assignment.test.PostAPITest"/>
  <testcase name="postAPITest" time="2.599" classname="com.onforce.interview.assignment.test.PostAPITest"/>
</testsuite> <!-- com.onforce.interview.assignment.test.PostAPITest -->
